mani is entered into office		23 November 18 05:45 PM
mani is entered into office		23 November 18 05:45 PM
mani is entered into office		23 November 18 05:45 PM
mani is entered into office		23 November 18 05:45 PM
mani is entered into office		23 November 18 05:45 PM
mani is entered into office		23 November 18 05:45 PM
mani is entered into office		23 November 18 05:45 PM
mani is entered into office		23 November 18 05:45 PM
mani is entered into office		23 November 18 05:45 PM
mani is entered into office		23 November 18 05:45 PM
mani is entered into office		23 November 18 05:45 PM
mani is entered into office		23 November 18 05:45 PM
mani is entered into office		23 November 18 05:45 PM
mani is entered into office		23 November 18 05:45 PM
mani is entered into office		23 November 18 05:45 PM
mani is entered into office		23 November 18 05:45 PM
mani is entered into office		23 November 18 05:45 PM
mani is entered into office		23 November 18 05:45 PM
mani is entered into office		23 November 18 05:45 PM
mani is entered into office		23 November 18 05:45 PM
mani is entered into office		23 November 18 05:45 PM
mani is entered into office		23 November 18 05:45 PM
mani is entered into office		23 November 18 05:45 PM
mani is entered into office		23 November 18 05:45 PM
mani is entered into office		23 November 18 05:45 PM
mani is entered into office		23 November 18 05:45 PM
mani is entered into office		23 November 18 05:45 PM
mani is entered into office		23 November 18 05:45 PM
mani is entered into office		23 November 18 05:45 PM
mani is entered into office		23 November 18 05:46 PM
mani is entered into office		23 November 18 05:46 PM
mani is entered into office		23 November 18 05:46 PM
mani is entered into office		23 November 18 05:46 PM
mani is entered into office		23 November 18 05:46 PM
mani is entered into office		23 November 18 05:46 PM
mani is entered into office		23 November 18 05:46 PM
mani is entered into office		23 November 18 05:46 PM
mani is entered into office		23 November 18 05:46 PM
mani is entered into office		23 November 18 05:46 PM
mani is entered into office		23 November 18 05:46 PM
mani is entered into office		23 November 18 05:46 PM
mani is entered into office		23 November 18 05:46 PM
mani is entered into office		23 November 18 05:46 PM
mani is entered into office		23 November 18 05:46 PM
mani is entered into office		23 November 18 05:46 PM
mani is entered into office		23 November 18 05:47 PM
mani is entered into office		23 November 18 05:47 PM
mani is entered into office		23 November 18 05:47 PM
mani is entered into office		23 November 18 05:47 PM
mani is entered into office		23 November 18 05:47 PM
mani is entered into office		23 November 18 05:47 PM
mani is entered into office		23 November 18 05:47 PM
mani is entered into office		23 November 18 05:47 PM
mani is entered into office		23 November 18 05:47 PM
mani is entered into office		23 November 18 05:47 PM
mani is entered into office		23 November 18 05:47 PM
mani is entered into office		23 November 18 05:47 PM
mani is entered into office		23 November 18 05:47 PM
mani is entered into office		23 November 18 05:47 PM
mani is entered into office		23 November 18 05:47 PM
mani is entered into office		23 November 18 05:47 PM
mani is entered into office		23 November 18 05:47 PM
mani is entered into office		23 November 18 05:47 PM
mani is entered into office		23 November 18 05:47 PM
mani is entered into office		23 November 18 05:47 PM
mani is entered into office		23 November 18 05:47 PM
mani is entered into office		23 November 18 05:47 PM
mani is entered into office		23 November 18 05:47 PM
mani is entered into office		23 November 18 05:47 PM
mani is entered into office		23 November 18 05:47 PM
mani is entered into office		23 November 18 05:47 PM
mani is entered into office		23 November 18 05:47 PM
mani is entered into office		23 November 18 05:47 PM
mani is entered into office		23 November 18 05:47 PM
mani is entered into office		23 November 18 05:47 PM
mani is entered into office		23 November 18 05:47 PM
mani is entered into office		23 November 18 05:47 PM
mani is entered into office		23 November 18 05:47 PM
mani is entered into office		23 November 18 05:47 PM
mani is entered into office		23 November 18 05:47 PM
mani is entered into office		23 November 18 05:47 PM
mani is entered into office		23 November 18 05:47 PM
mani is entered into office		23 November 18 05:47 PM
mani is entered into office		23 November 18 05:47 PM
mani is entered into office		23 November 18 05:47 PM
mani is entered into office		23 November 18 05:47 PM
mani is entered into office		23 November 18 05:47 PM
mani is entered into office		23 November 18 05:47 PM
mani is entered into office		23 November 18 05:47 PM
mani is entered into office		23 November 18 05:47 PM
mani is entered into office		23 November 18 05:47 PM
mani is entered into office		23 November 18 05:47 PM
paru is entered into office		23 November 18 05:47 PM
paru is entered into office		23 November 18 05:47 PM
paru is entered into office		23 November 18 05:47 PM
paru is entered into office		23 November 18 05:47 PM
paru is entered into office		23 November 18 05:47 PM
paru is entered into office		23 November 18 05:47 PM
paru is entered into office		23 November 18 05:47 PM
paru is entered into office		23 November 18 05:47 PM
mani is entered into office		23 November 18 05:47 PM
mani is entered into office		23 November 18 05:47 PM
mani is entered into office		23 November 18 05:47 PM
mani is entered into office		23 November 18 05:47 PM
mani is entered into office		23 November 18 05:50 PM
mani is entered into office		23 November 18 05:50 PM
mani is entered into office		23 November 18 05:50 PM
mani is entered into office		23 November 18 05:50 PM
mani is entered into office		23 November 18 05:50 PM
mani is entered into office		23 November 18 05:50 PM
mani is entered into office		23 November 18 05:50 PM
mani is entered into office		23 November 18 05:50 PM
mani is entered into office		23 November 18 05:50 PM
mani is entered into office		23 November 18 05:50 PM
mani is entered into office		23 November 18 05:50 PM
mani is entered into office		23 November 18 05:50 PM
mani is entered into office		23 November 18 05:50 PM
mani is entered into office		23 November 18 05:50 PM
mani is entered into office		23 November 18 05:50 PM
mani is entered into office		23 November 18 05:50 PM
mani is entered into office		23 November 18 05:50 PM
mani is entered into office		23 November 18 05:50 PM
mani is entered into office		23 November 18 05:50 PM
mani is entered into office		23 November 18 05:50 PM
mani is entered into office		23 November 18 05:50 PM
mani is entered into office		23 November 18 05:50 PM
mani is entered into office		23 November 18 05:50 PM
mani is entered into office		23 November 18 05:50 PM
mani is entered into office		23 November 18 05:50 PM
mani is entered into office		23 November 18 05:50 PM
mani is entered into office		23 November 18 05:50 PM
mani is entered into office		23 November 18 05:50 PM
mani is entered into office		23 November 18 05:50 PM
mani is entered into office		23 November 18 05:50 PM
mani is entered into office		23 November 18 05:50 PM
mani is entered into office		23 November 18 05:50 PM
mani is entered into office		23 November 18 05:50 PM
mani is entered into office		23 November 18 05:50 PM
mani is entered into office		23 November 18 05:50 PM
mani is entered into office		23 November 18 05:50 PM
mani is entered into office		23 November 18 05:50 PM
mani is entered into office		23 November 18 05:50 PM
mani is entered into office		23 November 18 05:50 PM
mani is entered into office		23 November 18 05:50 PM
mani is entered into office		23 November 18 05:50 PM
mani is entered into office		23 November 18 05:50 PM
mani is entered into office		23 November 18 05:50 PM
mani is entered into office		23 November 18 05:50 PM
mani is entered into office		23 November 18 05:50 PM
mani is entered into office		23 November 18 05:50 PM
mani is entered into office		23 November 18 05:50 PM
mani is entered into office		23 November 18 05:50 PM
mani is entered into office		23 November 18 05:50 PM
mani is entered into office		23 November 18 05:50 PM
mani is entered into office		23 November 18 05:51 PM
mani is entered into office		23 November 18 05:51 PM
mani is entered into office		23 November 18 05:51 PM
mani is entered into office		23 November 18 05:51 PM
mani is entered into office		23 November 18 05:51 PM
mani is entered into office		23 November 18 05:51 PM
mani is entered into office		23 November 18 05:51 PM
mani is entered into office		23 November 18 05:51 PM
mani is entered into office		23 November 18 05:51 PM
mani is entered into office		23 November 18 05:51 PM
mani is entered into office		23 November 18 05:51 PM
mani is entered into office		23 November 18 05:51 PM
mani is entered into office		23 November 18 05:51 PM
mani is entered into office		23 November 18 05:51 PM
mani is entered into office		23 November 18 05:51 PM
mani is entered into office		23 November 18 05:51 PM
mani is entered into office		23 November 18 05:51 PM
mani is entered into office		23 November 18 05:51 PM
mani is entered into office		23 November 18 05:51 PM
mani is entered into office		23 November 18 05:51 PM
mani is entered into office		23 November 18 05:51 PM
mani is entered into office		23 November 18 05:51 PM
mani is entered into office		23 November 18 05:51 PM
mani is entered into office		23 November 18 05:51 PM
mani is entered into office		23 November 18 05:51 PM
mani is entered into office		23 November 18 05:51 PM
mani is entered into office		23 November 18 05:51 PM
mani is entered into office		23 November 18 05:51 PM
mani is entered into office		23 November 18 05:51 PM
mani is entered into office		23 November 18 05:51 PM
mani is entered into office		23 November 18 05:51 PM
ayyapa is entered into office		23 November 18 05:51 PM
mani is entered into office		23 November 18 05:51 PM
mani is entered into office		23 November 18 05:51 PM
mani is entered into office		23 November 18 05:51 PM
mani is entered into office		23 November 18 05:51 PM
mani is entered into office		23 November 18 05:51 PM
mani is entered into office		23 November 18 05:51 PM
mani is entered into office		23 November 18 05:51 PM
mani is entered into office		23 November 18 05:51 PM
mani is entered into office		23 November 18 05:51 PM
mani is entered into office		23 November 18 05:51 PM
mani is entered into office		23 November 18 05:51 PM
mani is entered into office		23 November 18 05:51 PM
mani is entered into office		23 November 18 05:51 PM
mani is entered into office		23 November 18 05:52 PM
mani is entered into office		23 November 18 05:52 PM
mani is entered into office		23 November 18 05:52 PM
mani is entered into office		08 December 18 12:15 PM
mani is entered into office		08 December 18 12:15 PM
mani is entered into office		08 December 18 12:15 PM
mani is entered into office		08 December 18 12:15 PM
mani is entered into office		08 December 18 12:15 PM
mani is entered into office		09 December 18 09:44 PM
mani is entered into office		09 December 18 09:44 PM
mani is entered into office		09 December 18 09:44 PM
mani is entered into office		09 December 18 09:44 PM
mani is entered into office		09 December 18 09:44 PM
mani is entered into office		09 December 18 09:44 PM
mani is entered into office		09 December 18 09:44 PM
mani is entered into office		09 December 18 09:45 PM
mani is entered into office		09 December 18 09:45 PM
mani is entered into office		09 December 18 09:45 PM
mani is entered into office		09 December 18 09:45 PM
mani is entered into office		09 December 18 09:45 PM
mani is entered into office		09 December 18 09:45 PM
mani is entered into office		09 December 18 09:45 PM
mani is entered into office		09 December 18 09:45 PM
mani is entered into office		09 December 18 09:45 PM
mani is entered into office		09 December 18 09:45 PM
mani is entered into office		09 December 18 09:45 PM
mani is entered into office		09 December 18 09:45 PM
mani is entered into office		09 December 18 09:45 PM
mani is entered into office		09 December 18 09:45 PM
mani is entered into office		09 December 18 09:45 PM
mani is entered into office		21 January 19 11:01 PM
mani is entered into office		21 January 19 11:01 PM
mani is entered into office		21 January 19 11:01 PM
mani is entered into office		21 January 19 11:01 PM
mani is entered into office		21 January 19 11:01 PM
mani is entered into office		21 January 19 11:01 PM
mani is entered into office		21 January 19 11:01 PM
mani is entered into office		21 January 19 11:01 PM
mani is entered into office		21 January 19 11:01 PM
mani is entered into office		21 January 19 11:05 PM
mani is entered into office		21 January 19 11:05 PM
mani is entered into office		21 January 19 11:05 PM
mani is entered into office		21 January 19 11:05 PM
mani is entered into office		21 January 19 11:05 PM
mani is entered into office		21 January 19 11:05 PM
mani is entered into office		21 January 19 11:05 PM
mani is entered into office		21 January 19 11:09 PM
mani is entered into office		21 January 19 11:09 PM
mani is entered into office		21 January 19 11:09 PM
mani is entered into office		21 January 19 11:09 PM
mani is entered into office		21 January 19 11:09 PM
mani is entered into office		21 January 19 11:09 PM
mani is entered into office		21 January 19 11:09 PM
mani is entered into office		21 January 19 11:10 PM
mani is entered into office		21 January 19 11:10 PM
mani is entered into office		21 January 19 11:10 PM
mani is entered into office		21 January 19 11:10 PM
mani is entered into office		21 January 19 11:10 PM
mani is entered into office		21 January 19 11:10 PM
mani is entered into office		21 January 19 11:10 PM
mani is entered into office		21 January 19 11:10 PM
mani is entered into office		21 January 19 11:10 PM
mani is entered into office		21 January 19 11:10 PM
mani is entered into office		21 January 19 11:10 PM
mani is entered into office		21 January 19 11:10 PM
mani is entered into office		21 January 19 11:10 PM
mani is entered into office		21 January 19 11:17 PM
mani is entered into office		21 January 19 11:17 PM
mani is entered into office		21 January 19 11:17 PM
mani is entered into office		21 January 19 11:17 PM
mani is entered into office		21 January 19 11:17 PM
mani is entered into office		21 January 19 11:18 PM
mani is entered into office		21 January 19 11:18 PM
mani is entered into office		21 January 19 11:18 PM
mani is entered into office		21 January 19 11:18 PM
mani is entered into office		21 January 19 11:18 PM
mani is entered into office		21 January 19 11:19 PM
mani is entered into office		21 January 19 11:19 PM
mani is entered into office		21 January 19 11:19 PM
mani is entered into office		21 January 19 11:19 PM
mani is entered into office		21 January 19 11:19 PM
mani is entered into office		21 January 19 11:40 PM
mani is entered into office		21 January 19 11:40 PM
mani is entered into office		21 January 19 11:40 PM
mani is entered into office		21 January 19 11:40 PM
mani is entered into office		21 January 19 11:40 PM
mani is entered into office		21 January 19 11:40 PM
mani is entered into office		21 January 19 11:40 PM
mani is entered into office		21 January 19 11:40 PM
mani is entered into office		21 January 19 11:40 PM
mani is entered into office		21 January 19 11:40 PM
mani is entered into office		21 January 19 11:40 PM
mani is entered into office		21 January 19 11:50 PM
mani is entered into office		21 January 19 11:50 PM
mani is entered into office		21 January 19 11:50 PM
mani is entered into office		21 January 19 11:52 PM
mani is entered into office		21 January 19 11:52 PM
mani is entered into office		21 January 19 11:52 PM
mani is entered into office		21 January 19 11:52 PM
mani is entered into office		21 January 19 11:52 PM
mani is entered into office		21 January 19 11:52 PM
mani is entered into office		21 January 19 11:52 PM
mani is entered into office		21 January 19 11:52 PM
mani is entered into office		22 January 19 12:02 AM
mani is entered into office		22 January 19 12:02 AM
mani is entered into office		06 April 19 12:04 AM
mani is entered into office		18 May 19 10:20 PM
mani is entered into office		11 July 19 04:26 PM
mani is entered into office		11 July 19 04:26 PM
mani is entered into office		11 July 19 04:26 PM
